<?xml version="1.0" encoding="UTF-8"?>
<!-- Generated by org.testng.reporters.JUnitReportReporter -->
<testsuite skipped="0" hostname="LKB-L-091" name="Maven.BafAPIAutomationNew.RamIssue" tests="1" failures="0" timestamp="26 Feb 2020 07:29:18 GMT" time="9.918" errors="0">
  <testcase name="ramIssue" time="9.918" classname="Maven.BafAPIAutomationNew.RamIssue"/>
</testsuite> <!-- Maven.BafAPIAutomationNew.RamIssue -->
